<?xml version="1.0" encoding="UTF-8"?>
<testsuite name="com.ll.TestMain" tests="3" skipped="0" failures="0" errors="0" timestamp="2023-11-06T00:38:54" hostname="gangchan-uui-MacBookPro.local" time="0.033">
  <properties/>
  <testcase name="명령어 입력창 구현" classname="com.ll.TestMain" time="0.026"/>
  <testcase name="명령어 입력 확인" classname="com.ll.TestMain" time="0.002"/>
  <testcase name="종료 기능 확인" classname="com.ll.TestMain" time="0.002"/>
  <system-out><![CDATA[]]></system-out>
  <system-err><![CDATA[]]></system-err>
</testsuite>
